<?xml version="1.0" encoding="UTF-8"?>
<!-- Generated by org.testng.reporters.JUnitXMLReporter -->
<testsuite ignored="0" hostname="Rohan_Vyntra" failures="0" tests="3" name="Default test" time="0.821" errors="0" timestamp="2026-02-03T14:18:40 IST">
  <testcase classname="dataDriven.excelDataProvider.dataProvide" name="testCaseData" time="0.012"/>
  <testcase classname="dataDriven.excelDataProvider.dataProvide" name="testCaseData" time="0.002"/>
  <testcase classname="dataDriven.excelDataProvider.dataProvide" name="testCaseData" time="0.001"/>
</testsuite> <!-- Default test -->
