<?xml version="1.0" encoding="UTF-8"?>
<testng-results ignored="0" total="3" passed="3" failed="0" skipped="0">
  <reporter-output>
  </reporter-output>
  <suite started-at="2026-02-03T14:18:40 IST" name="Default suite" finished-at="2026-02-03T14:18:40 IST" duration-ms="821">
    <groups>
    </groups>
    <test started-at="2026-02-03T14:18:40 IST" name="Default test" finished-at="2026-02-03T14:18:40 IST" duration-ms="821">
      <class name="dataDriven.excelDataProvider.dataProvide">
        <test-method signature="testCaseData(java.lang.String,java.lang.String,java.lang.String)[pri:0, instance:dataDriven.excelDataProvider.dataProvide@22ff4249]" started-at="2026-02-03T14:18:40 IST" name="testCaseData" data-provider="driveTest" finished-at="2026-02-03T14:18:40 IST" duration-ms="12" status="PASS">
          <params>
            <param index="0">
              <value>
                <![CDATA[Hello]]>
              </value>
            </param>
            <param index="1">
              <value>
                <![CDATA[Sunday]]>
              </value>
            </param>
            <param index="2">
              <value>
                <![CDATA[1]]>
              </value>
            </param>
          </params>
          <reporter-output>
          </reporter-output>
        </test-method> <!-- testCaseData -->
        <test-method signature="testCaseData(java.lang.String,java.lang.String,java.lang.String)[pri:0, instance:dataDriven.excelDataProvider.dataProvide@22ff4249]" started-at="2026-02-03T14:18:40 IST" name="testCaseData" data-provider="driveTest" finished-at="2026-02-03T14:18:40 IST" duration-ms="2" status="PASS">
          <params>
            <param index="0">
              <value>
                <![CDATA[Namaste]]>
              </value>
            </param>
            <param index="1">
              <value>
                <![CDATA[Monday]]>
              </value>
            </param>
            <param index="2">
              <value>
                <![CDATA[2]]>
              </value>
            </param>
          </params>
          <reporter-output>
          </reporter-output>
        </test-method> <!-- testCaseData -->
        <test-method signature="testCaseData(java.lang.String,java.lang.String,java.lang.String)[pri:0, instance:dataDriven.excelDataProvider.dataProvide@22ff4249]" started-at="2026-02-03T14:18:40 IST" name="testCaseData" data-provider="driveTest" finished-at="2026-02-03T14:18:40 IST" duration-ms="1" status="PASS">
          <params>
            <param index="0">
              <value>
                <![CDATA[Hola]]>
              </value>
            </param>
            <param index="1">
              <value>
                <![CDATA[Tuesday]]>
              </value>
            </param>
            <param index="2">
              <value>
                <![CDATA[3]]>
              </value>
            </param>
          </params>
          <reporter-output>
          </reporter-output>
        </test-method> <!-- testCaseData -->
      </class> <!-- dataDriven.excelDataProvider.dataProvide -->
    </test> <!-- Default test -->
  </suite> <!-- Default suite -->
</testng-results>
